<?xml version="1.0" encoding="UTF-8"?>
<!-- Generated by org.testng.reporters.JUnitXMLReporter -->
<testsuite hostname="E5530-2340" name="Ant test" tests="70" failures="2" timestamp="10 Jun 2016 11:36:28 GMT" time="2682.495" errors="0">
  <testcase name="@BeforeMethod beforeMethod" time="0.0" classname="com.test1.tests.RTest">
    <failure type="org.openqa.selenium.SessionNotCreatedException" message="session not created exception
from disconnected: Unable to receive message from renderer
  (Session info: chrome=51.0.2704.84)
  (Driver info: chromedriver=2.20.353145 (343b531d31eeb933ec778dbcf7081628a1396067),platform=Windows NT 6.1 SP1 x86_64) (WARNING: The server did not provide any stacktrace information)
Command duration or timeout: 253.17 seconds
Build info: version: &amp;apos;2.48.2&amp;apos;, revision: &amp;apos;41bccdd&amp;apos;, time: &amp;apos;2015-10-09 19:59:12&amp;apos;
System info: host: &amp;apos;E5530-2340&amp;apos;, ip: &amp;apos;10.0.0.178&amp;apos;, os.name: &amp;apos;Windows 7&amp;apos;, os.arch: &amp;apos;amd64&amp;apos;, os.version: &amp;apos;6.1&amp;apos;, java.version: &amp;apos;1.8.0_66&amp;apos;
Driver info: org.openqa.selenium.chrome.ChromeDriver">
      <![CDATA[org.openqa.selenium.SessionNotCreatedException: session not created exception
from disconnected: Unable to receive message from renderer
  (Session info: chrome=51.0.2704.84)
  (Driver info: chromedriver=2.20.353145 (343b531d31eeb933ec778dbcf7081628a1396067),platform=Windows NT 6.1 SP1 x86_64) (WARNING: The server did not provide any stacktrace information)
Command duration or timeout: 253.17 seconds
Build info: version: '2.48.2', revision: '41bccdd', time: '2015-10-09 19:59:12'
System info: host: 'E5530-2340', ip: '10.0.0.178', os.name: 'Windows 7', os.arch: 'amd64', os.version: '6.1', java.version: '1.8.0_66'
Driver info: org.openqa.selenium.chrome.ChromeDriver
	at org.openqa.selenium.remote.ErrorHandler.createThrowable(ErrorHandler.java:206)
	at org.openqa.selenium.remote.ErrorHandler.throwIfResponseFailed(ErrorHandler.java:158)
	at org.openqa.selenium.remote.RemoteWebDriver.execute(RemoteWebDriver.java:647)
	at org.openqa.selenium.remote.RemoteWebDriver.startSession(RemoteWebDriver.java:247)
	at org.openqa.selenium.remote.RemoteWebDriver.<init>(RemoteWebDriver.java:129)
	at org.openqa.selenium.remote.RemoteWebDriver.<init>(RemoteWebDriver.java:142)
	at org.openqa.selenium.chrome.ChromeDriver.<init>(ChromeDriver.java:170)
	at org.openqa.selenium.chrome.ChromeDriver.<init>(ChromeDriver.java:159)
	at org.openqa.selenium.chrome.ChromeDriver.<init>(ChromeDriver.java:116)
	at com.test1.util.WebDriverHelper.createDriver(WebDriverHelper.java:27)
	at com.test1.tests.TestBase.beforeMethod(TestBase.java:60)
... Removed 28 stack frames]]>
    </failure>
  </testcase> <!-- @BeforeMethod beforeMethod -->
  <testcase name="@AfterMethod afterMethod" time="0.0" classname="com.test1.tests.RTest">
    <skipped/>
  </testcase> <!-- @AfterMethod afterMethod -->
  <testcase name="@BeforeMethod beforeMethod" time="0.0" classname="com.test1.tests.RTest">
    <skipped/>
  </testcase> <!-- @BeforeMethod beforeMethod -->
  <testcase name="@AfterMethod afterMethod" time="0.0" classname="com.test1.tests.RTest">
    <skipped/>
  </testcase> <!-- @AfterMethod afterMethod -->
  <testcase name="@BeforeMethod beforeMethod" time="0.0" classname="com.test1.tests.RTest">
    <skipped/>
  </testcase> <!-- @BeforeMethod beforeMethod -->
  <testcase name="@AfterMethod afterMethod" time="0.0" classname="com.test1.tests.RTest">
    <skipped/>
  </testcase> <!-- @AfterMethod afterMethod -->
  <testcase name="@BeforeMethod beforeMethod" time="0.0" classname="com.test1.tests.RTest">
    <skipped/>
  </testcase> <!-- @BeforeMethod beforeMethod -->
  <testcase name="@AfterMethod afterMethod" time="0.0" classname="com.test1.tests.RTest">
    <skipped/>
  </testcase> <!-- @AfterMethod afterMethod -->
  <testcase name="@BeforeMethod beforeMethod" time="0.0" classname="com.test1.tests.RTest">
    <skipped/>
  </testcase> <!-- @BeforeMethod beforeMethod -->
  <testcase name="@AfterMethod afterMethod" time="0.0" classname="com.test1.tests.RTest">
    <skipped/>
  </testcase> <!-- @AfterMethod afterMethod -->
  <testcase name="@BeforeMethod beforeMethod" time="0.0" classname="com.test1.tests.RTest">
    <skipped/>
  </testcase> <!-- @BeforeMethod beforeMethod -->
  <testcase name="@AfterMethod afterMethod" time="0.0" classname="com.test1.tests.RTest">
    <skipped/>
  </testcase> <!-- @AfterMethod afterMethod -->
  <testcase name="@BeforeMethod beforeMethod" time="0.0" classname="com.test1.tests.RTest">
    <skipped/>
  </testcase> <!-- @BeforeMethod beforeMethod -->
  <testcase name="@AfterMethod afterMethod" time="0.0" classname="com.test1.tests.RTest">
    <skipped/>
  </testcase> <!-- @AfterMethod afterMethod -->
  <testcase name="@BeforeMethod beforeMethod" time="0.0" classname="com.test1.tests.RTest">
    <skipped/>
  </testcase> <!-- @BeforeMethod beforeMethod -->
  <testcase name="@AfterMethod afterMethod" time="0.0" classname="com.test1.tests.RTest">
    <skipped/>
  </testcase> <!-- @AfterMethod afterMethod -->
  <testcase name="@BeforeMethod beforeMethod" time="0.0" classname="com.test1.tests.RTest">
    <skipped/>
  </testcase> <!-- @BeforeMethod beforeMethod -->
  <testcase name="@AfterMethod afterMethod" time="0.0" classname="com.test1.tests.RTest">
    <skipped/>
  </testcase> <!-- @AfterMethod afterMethod -->
  <testcase name="@BeforeMethod beforeMethod" time="0.0" classname="com.test1.tests.RTest">
    <skipped/>
  </testcase> <!-- @BeforeMethod beforeMethod -->
  <testcase name="@AfterMethod afterMethod" time="0.0" classname="com.test1.tests.RTest">
    <skipped/>
  </testcase> <!-- @AfterMethod afterMethod -->
  <testcase name="@BeforeMethod beforeMethod" time="0.0" classname="com.test1.tests.RTest">
    <skipped/>
  </testcase> <!-- @BeforeMethod beforeMethod -->
  <testcase name="@AfterMethod afterMethod" time="0.0" classname="com.test1.tests.RTest">
    <skipped/>
  </testcase> <!-- @AfterMethod afterMethod -->
  <testcase name="@BeforeMethod beforeMethod" time="0.0" classname="com.test1.tests.RTest">
    <skipped/>
  </testcase> <!-- @BeforeMethod beforeMethod -->
  <testcase name="@AfterMethod afterMethod" time="0.0" classname="com.test1.tests.RTest">
    <skipped/>
  </testcase> <!-- @AfterMethod afterMethod -->
  <testcase name="@BeforeMethod beforeMethod" time="0.0" classname="com.test1.tests.RTest">
    <skipped/>
  </testcase> <!-- @BeforeMethod beforeMethod -->
  <testcase name="@AfterMethod afterMethod" time="0.0" classname="com.test1.tests.RTest">
    <skipped/>
  </testcase> <!-- @AfterMethod afterMethod -->
  <testcase name="@BeforeMethod beforeMethod" time="0.0" classname="com.test1.tests.RTest">
    <skipped/>
  </testcase> <!-- @BeforeMethod beforeMethod -->
  <testcase name="@AfterMethod afterMethod" time="0.0" classname="com.test1.tests.RTest">
    <skipped/>
  </testcase> <!-- @AfterMethod afterMethod -->
  <testcase name="@BeforeMethod beforeMethod" time="0.0" classname="com.test1.tests.RTest">
    <skipped/>
  </testcase> <!-- @BeforeMethod beforeMethod -->
  <testcase name="@AfterMethod afterMethod" time="0.0" classname="com.test1.tests.RTest">
    <skipped/>
  </testcase> <!-- @AfterMethod afterMethod -->
  <testcase name="@BeforeMethod beforeMethod" time="0.0" classname="com.test1.tests.RTest">
    <skipped/>
  </testcase> <!-- @BeforeMethod beforeMethod -->
  <testcase name="@AfterMethod afterMethod" time="0.0" classname="com.test1.tests.RTest">
    <skipped/>
  </testcase> <!-- @AfterMethod afterMethod -->
  <testcase name="@BeforeMethod beforeMethod" time="0.0" classname="com.test1.tests.RTest">
    <skipped/>
  </testcase> <!-- @BeforeMethod beforeMethod -->
  <testcase name="@AfterMethod afterMethod" time="0.0" classname="com.test1.tests.RTest">
    <skipped/>
  </testcase> <!-- @AfterMethod afterMethod -->
  <testcase name="@BeforeMethod beforeMethod" time="0.0" classname="com.test1.tests.RTest">
    <skipped/>
  </testcase> <!-- @BeforeMethod beforeMethod -->
  <testcase name="@AfterMethod afterMethod" time="0.0" classname="com.test1.tests.RTest">
    <skipped/>
  </testcase> <!-- @AfterMethod afterMethod -->
  <testcase name="@BeforeMethod beforeMethod" time="0.0" classname="com.test1.tests.RTest">
    <skipped/>
  </testcase> <!-- @BeforeMethod beforeMethod -->
  <testcase name="@AfterMethod afterMethod" time="0.0" classname="com.test1.tests.RTest">
    <skipped/>
  </testcase> <!-- @AfterMethod afterMethod -->
  <testcase name="@BeforeMethod beforeMethod" time="0.0" classname="com.test1.tests.RTest">
    <skipped/>
  </testcase> <!-- @BeforeMethod beforeMethod -->
  <testcase name="@AfterMethod afterMethod" time="0.0" classname="com.test1.tests.RTest">
    <skipped/>
  </testcase> <!-- @AfterMethod afterMethod -->
  <testcase name="@BeforeMethod beforeMethod" time="0.0" classname="com.test1.tests.RTest">
    <skipped/>
  </testcase> <!-- @BeforeMethod beforeMethod -->
  <testcase name="@AfterMethod afterMethod" time="0.0" classname="com.test1.tests.RTest">
    <skipped/>
  </testcase> <!-- @AfterMethod afterMethod -->
  <testcase name="@BeforeMethod beforeMethod" time="0.0" classname="com.test1.tests.RTest">
    <skipped/>
  </testcase> <!-- @BeforeMethod beforeMethod -->
  <testcase name="@AfterMethod afterMethod" time="0.0" classname="com.test1.tests.RTest">
    <skipped/>
  </testcase> <!-- @AfterMethod afterMethod -->
  <testcase name="@BeforeMethod beforeMethod" time="0.0" classname="com.test1.tests.RTest">
    <skipped/>
  </testcase> <!-- @BeforeMethod beforeMethod -->
  <testcase name="@AfterMethod afterMethod" time="0.0" classname="com.test1.tests.RTest">
    <skipped/>
  </testcase> <!-- @AfterMethod afterMethod -->
  <testcase name="@BeforeMethod beforeMethod" time="0.0" classname="com.test1.tests.RTest">
    <skipped/>
  </testcase> <!-- @BeforeMethod beforeMethod -->
  <testcase name="@AfterMethod afterMethod" time="0.0" classname="com.test1.tests.RTest">
    <skipped/>
  </testcase> <!-- @AfterMethod afterMethod -->
  <testcase name="@BeforeMethod beforeMethod" time="0.0" classname="com.test1.tests.RTest">
    <skipped/>
  </testcase> <!-- @BeforeMethod beforeMethod -->
  <testcase name="@AfterMethod afterMethod" time="0.0" classname="com.test1.tests.RTest">
    <skipped/>
  </testcase> <!-- @AfterMethod afterMethod -->
  <testcase name="@BeforeMethod beforeMethod" time="0.0" classname="com.test1.tests.RTest">
    <skipped/>
  </testcase> <!-- @BeforeMethod beforeMethod -->
  <testcase name="@AfterMethod afterMethod" time="0.0" classname="com.test1.tests.RTest">
    <skipped/>
  </testcase> <!-- @AfterMethod afterMethod -->
  <testcase name="@BeforeMethod beforeMethod" time="0.0" classname="com.test1.tests.RTest">
    <skipped/>
  </testcase> <!-- @BeforeMethod beforeMethod -->
  <testcase name="@AfterMethod afterMethod" time="0.0" classname="com.test1.tests.RTest">
    <skipped/>
  </testcase> <!-- @AfterMethod afterMethod -->
  <testcase name="@BeforeMethod beforeMethod" time="0.0" classname="com.test1.tests.RTest">
    <skipped/>
  </testcase> <!-- @BeforeMethod beforeMethod -->
  <testcase name="@AfterMethod afterMethod" time="0.0" classname="com.test1.tests.RTest">
    <skipped/>
  </testcase> <!-- @AfterMethod afterMethod -->
  <testcase name="@BeforeMethod beforeMethod" time="0.0" classname="com.test1.tests.RTest">
    <skipped/>
  </testcase> <!-- @BeforeMethod beforeMethod -->
  <testcase name="@AfterMethod afterMethod" time="0.0" classname="com.test1.tests.RTest">
    <skipped/>
  </testcase> <!-- @AfterMethod afterMethod -->
  <testcase name="@BeforeMethod beforeMethod" time="0.0" classname="com.test1.tests.RTest">
    <skipped/>
  </testcase> <!-- @BeforeMethod beforeMethod -->
  <testcase name="@AfterMethod afterMethod" time="0.0" classname="com.test1.tests.RTest">
    <skipped/>
  </testcase> <!-- @AfterMethod afterMethod -->
  <testcase name="@BeforeMethod beforeMethod" time="0.0" classname="com.test1.tests.RTest">
    <skipped/>
  </testcase> <!-- @BeforeMethod beforeMethod -->
  <testcase name="@AfterMethod afterMethod" time="0.0" classname="com.test1.tests.RTest">
    <skipped/>
  </testcase> <!-- @AfterMethod afterMethod -->
  <testcase name="@BeforeMethod beforeMethod" time="0.0" classname="com.test1.tests.RTest">
    <skipped/>
  </testcase> <!-- @BeforeMethod beforeMethod -->
  <testcase name="@AfterMethod afterMethod" time="0.0" classname="com.test1.tests.RTest">
    <skipped/>
  </testcase> <!-- @AfterMethod afterMethod -->
  <testcase name="@BeforeMethod beforeMethod" time="0.0" classname="com.test1.tests.RTest">
    <skipped/>
  </testcase> <!-- @BeforeMethod beforeMethod -->
  <testcase name="@AfterMethod afterMethod" time="0.0" classname="com.test1.tests.RTest">
    <skipped/>
  </testcase> <!-- @AfterMethod afterMethod -->
  <testcase name="@BeforeMethod beforeMethod" time="0.0" classname="com.test1.tests.RTest">
    <skipped/>
  </testcase> <!-- @BeforeMethod beforeMethod -->
  <testcase name="@AfterMethod afterMethod" time="0.0" classname="com.test1.tests.RTest">
    <skipped/>
  </testcase> <!-- @AfterMethod afterMethod -->
  <testcase name="@BeforeMethod beforeMethod" time="0.0" classname="com.test1.tests.RTest">
    <skipped/>
  </testcase> <!-- @BeforeMethod beforeMethod -->
  <testcase name="@AfterMethod afterMethod" time="0.0" classname="com.test1.tests.RTest">
    <skipped/>
  </testcase> <!-- @AfterMethod afterMethod -->
  <testcase name="testSuccessfulAddNewCase" time="39.916" classname="com.test1.tests.RTest"/>
  <testcase name="testSuccessfulAddNewCase" time="40.296" classname="com.test1.tests.RTest"/>
  <testcase name="testSuccessfulAddNewCase" time="38.783" classname="com.test1.tests.RTest"/>
  <testcase name="testSuccessfulAddNewCase" time="38.573" classname="com.test1.tests.RTest"/>
  <testcase name="testSuccessfulAddNewCase" time="39.471" classname="com.test1.tests.RTest"/>
  <testcase name="testSuccessfulAddNewCase" time="38.059" classname="com.test1.tests.RTest"/>
  <testcase name="testSuccessfulAddNewCase" time="40.12" classname="com.test1.tests.RTest"/>
  <testcase name="testSuccessfulAddNewCase" time="38.62" classname="com.test1.tests.RTest"/>
  <testcase name="testSuccessfulAddNewPriorDealCase" time="41.088" classname="com.test1.tests.RTest"/>
  <testcase name="testSuccessfulAddNewPriorDealCase" time="41.002" classname="com.test1.tests.RTest"/>
  <testcase name="testSuccessfulAddNewPriorDealCase" time="40.879" classname="com.test1.tests.RTest"/>
  <testcase name="testSuccessfulAddNewPriorDealCase" time="42.075" classname="com.test1.tests.RTest"/>
  <testcase name="testSuccessfulAddNewPriorDealCase" time="40.545" classname="com.test1.tests.RTest"/>
  <testcase name="testSuccessfulAddNewPriorDealCase" time="4.784" classname="com.test1.tests.RTest">
    <failure type="org.openqa.selenium.ElementNotVisibleException" message="element not visible
  (Session info: chrome=51.0.2704.84)
  (Driver info: chromedriver=2.20.353145 (343b531d31eeb933ec778dbcf7081628a1396067),platform=Windows NT 6.1 SP1 x86_64) (WARNING: The server did not provide any stacktrace information)
Command duration or timeout: 62 milliseconds
Build info: version: &amp;apos;2.48.2&amp;apos;, revision: &amp;apos;41bccdd&amp;apos;, time: &amp;apos;2015-10-09 19:59:12&amp;apos;
System info: host: &amp;apos;E5530-2340&amp;apos;, ip: &amp;apos;10.0.0.178&amp;apos;, os.name: &amp;apos;Windows 7&amp;apos;, os.arch: &amp;apos;amd64&amp;apos;, os.version: &amp;apos;6.1&amp;apos;, java.version: &amp;apos;1.8.0_66&amp;apos;
Driver info: org.openqa.selenium.chrome.ChromeDriver
Capabilities [{applicationCacheEnabled=false, rotatable=false, mobileEmulationEnabled=false, chrome={userDataDir=C:\Users\jslee\AppData\Local\Temp\scoped_dir5836_25778}, takesHeapSnapshot=true, databaseEnabled=false, handlesAlerts=true, hasTouchScreen=false, version=51.0.2704.84, platform=XP, browserConnectionEnabled=false, nativeEvents=true, acceptSslCerts=true, locationContextEnabled=true, webStorageEnabled=true, browserName=chrome, takesScreenshot=true, javascriptEnabled=true, cssSelectorsEnabled=true}]
Session ID: 22c9d484ae0b9bd4c541bcaab3bb70bb">
      <![CDATA[org.openqa.selenium.ElementNotVisibleException: element not visible
  (Session info: chrome=51.0.2704.84)
  (Driver info: chromedriver=2.20.353145 (343b531d31eeb933ec778dbcf7081628a1396067),platform=Windows NT 6.1 SP1 x86_64) (WARNING: The server did not provide any stacktrace information)
Command duration or timeout: 62 milliseconds
Build info: version: '2.48.2', revision: '41bccdd', time: '2015-10-09 19:59:12'
System info: host: 'E5530-2340', ip: '10.0.0.178', os.name: 'Windows 7', os.arch: 'amd64', os.version: '6.1', java.version: '1.8.0_66'
Driver info: org.openqa.selenium.chrome.ChromeDriver
Capabilities [{applicationCacheEnabled=false, rotatable=false, mobileEmulationEnabled=false, chrome={userDataDir=C:\Users\jslee\AppData\Local\Temp\scoped_dir5836_25778}, takesHeapSnapshot=true, databaseEnabled=false, handlesAlerts=true, hasTouchScreen=false, version=51.0.2704.84, platform=XP, browserConnectionEnabled=false, nativeEvents=true, acceptSslCerts=true, locationContextEnabled=true, webStorageEnabled=true, browserName=chrome, takesScreenshot=true, javascriptEnabled=true, cssSelectorsEnabled=true}]
Session ID: 22c9d484ae0b9bd4c541bcaab3bb70bb
	at org.openqa.selenium.remote.ErrorHandler.createThrowable(ErrorHandler.java:206)
	at org.openqa.selenium.remote.ErrorHandler.throwIfResponseFailed(ErrorHandler.java:158)
	at org.openqa.selenium.remote.RemoteWebDriver.execute(RemoteWebDriver.java:647)
	at org.openqa.selenium.remote.RemoteWebElement.execute(RemoteWebElement.java:326)
	at org.openqa.selenium.remote.RemoteWebElement.click(RemoteWebElement.java:84)
	at com.test1.pages.PageBase.ClickResearchCasesLink(PageBase.java:35)
	at com.test1.tests.RTest.testSuccessfulAddNewPriorDealCase(RTest.java:56)
... Removed 27 stack frames]]>
    </failure>
  </testcase> <!-- testSuccessfulAddNewPriorDealCase -->
  <testcase name="testSuccessfulAddNewPriorDealCase" time="42.018" classname="com.test1.tests.RTest"/>
  <testcase name="testSuccessfulAddNewPriorDealCase" time="40.835" classname="com.test1.tests.RTest"/>
  <testcase name="testSuccessfulCaseSummaryInfo" time="66.019" classname="com.test1.tests.RTest"/>
  <testcase name="testSuccessfulCaseSummaryInfo" time="65.757" classname="com.test1.tests.RTest"/>
  <testcase name="testSuccessfulCaseSummaryInfo" time="71.495" classname="com.test1.tests.RTest"/>
  <testcase name="testSuccessfulCaseSummaryInfo" time="63.953" classname="com.test1.tests.RTest"/>
  <testcase name="testSuccessfulCaseSummaryInfo" time="70.345" classname="com.test1.tests.RTest"/>
  <testcase name="testSuccessfulCaseSummaryInfo" time="64.126" classname="com.test1.tests.RTest"/>
  <testcase name="testSuccessfulCaseSummaryInfo" time="70.696" classname="com.test1.tests.RTest"/>
  <testcase name="testSuccessfulCaseSummaryInfo" time="74.188" classname="com.test1.tests.RTest"/>
  <testcase name="testSuccessfulCaseSummaryInfo" time="66.436" classname="com.test1.tests.RTest"/>
  <testcase name="testSuccessfulCaseSummaryInfo" time="68.427" classname="com.test1.tests.RTest"/>
  <testcase name="testSuccessfulCaseSummaryInfo" time="75.165" classname="com.test1.tests.RTest"/>
  <testcase name="testSuccessfulCaseSummaryInfo" time="23.064" classname="com.test1.tests.RTest">
    <failure type="org.openqa.selenium.NoSuchElementException" message="no such element: Unable to locate element: {&amp;quot;method&amp;quot;:&amp;quot;xpath&amp;quot;,&amp;quot;selector&amp;quot;:&amp;quot;tbody/tr[contains(.,&amp;apos;CE9A&amp;apos;)]&amp;quot;}
  (Session info: chrome=51.0.2704.84)
  (Driver info: chromedriver=2.20.353145 (343b531d31eeb933ec778dbcf7081628a1396067),platform=Windows NT 6.1 SP1 x86_64) (WARNING: The server did not provide any stacktrace information)
Command duration or timeout: 14.04 seconds
For documentation on this error, please visit: http://seleniumhq.org/exceptions/no_such_element.html
Build info: version: &amp;apos;2.48.2&amp;apos;, revision: &amp;apos;41bccdd&amp;apos;, time: &amp;apos;2015-10-09 19:59:12&amp;apos;
System info: host: &amp;apos;E5530-2340&amp;apos;, ip: &amp;apos;10.0.0.178&amp;apos;, os.name: &amp;apos;Windows 7&amp;apos;, os.arch: &amp;apos;amd64&amp;apos;, os.version: &amp;apos;6.1&amp;apos;, java.version: &amp;apos;1.8.0_66&amp;apos;
Driver info: org.openqa.selenium.chrome.ChromeDriver
Capabilities [{applicationCacheEnabled=false, rotatable=false, mobileEmulationEnabled=false, chrome={userDataDir=C:\Users\jslee\AppData\Local\Temp\scoped_dir1552_30361}, takesHeapSnapshot=true, databaseEnabled=false, handlesAlerts=true, hasTouchScreen=false, version=51.0.2704.84, platform=XP, browserConnectionEnabled=false, nativeEvents=true, acceptSslCerts=true, locationContextEnabled=true, webStorageEnabled=true, browserName=chrome, takesScreenshot=true, javascriptEnabled=true, cssSelectorsEnabled=true}]
Session ID: 1bd2da0ae5a7b4c2c84717b796732fbd
*** Element info: {Using=xpath, value=tbody/tr[contains(.,&amp;apos;CE9A&amp;apos;)]}">
      <![CDATA[org.openqa.selenium.NoSuchElementException: no such element: Unable to locate element: {"method":"xpath","selector":"tbody/tr[contains(.,'CE9A')]"}
  (Session info: chrome=51.0.2704.84)
  (Driver info: chromedriver=2.20.353145 (343b531d31eeb933ec778dbcf7081628a1396067),platform=Windows NT 6.1 SP1 x86_64) (WARNING: The server did not provide any stacktrace information)
Command duration or timeout: 14.04 seconds
For documentation on this error, please visit: http://seleniumhq.org/exceptions/no_such_element.html
Build info: version: '2.48.2', revision: '41bccdd', time: '2015-10-09 19:59:12'
System info: host: 'E5530-2340', ip: '10.0.0.178', os.name: 'Windows 7', os.arch: 'amd64', os.version: '6.1', java.version: '1.8.0_66'
Driver info: org.openqa.selenium.chrome.ChromeDriver
Capabilities [{applicationCacheEnabled=false, rotatable=false, mobileEmulationEnabled=false, chrome={userDataDir=C:\Users\jslee\AppData\Local\Temp\scoped_dir1552_30361}, takesHeapSnapshot=true, databaseEnabled=false, handlesAlerts=true, hasTouchScreen=false, version=51.0.2704.84, platform=XP, browserConnectionEnabled=false, nativeEvents=true, acceptSslCerts=true, locationContextEnabled=true, webStorageEnabled=true, browserName=chrome, takesScreenshot=true, javascriptEnabled=true, cssSelectorsEnabled=true}]
Session ID: 1bd2da0ae5a7b4c2c84717b796732fbd
*** Element info: {Using=xpath, value=tbody/tr[contains(.,'CE9A')]}
	at org.openqa.selenium.remote.ErrorHandler.createThrowable(ErrorHandler.java:206)
	at org.openqa.selenium.remote.ErrorHandler.throwIfResponseFailed(ErrorHandler.java:158)
	at org.openqa.selenium.remote.RemoteWebDriver.execute(RemoteWebDriver.java:647)
	at org.openqa.selenium.remote.RemoteWebElement.execute(RemoteWebElement.java:326)
	at org.openqa.selenium.remote.RemoteWebElement.findElement(RemoteWebElement.java:197)
	at org.openqa.selenium.remote.RemoteWebElement.findElementByXPath(RemoteWebElement.java:294)
	at org.openqa.selenium.By$ByXPath.findElement(By.java:361)
	at org.openqa.selenium.remote.RemoteWebElement.findElement(RemoteWebElement.java:193)
	at com.test1.pages.WebTable.getRowElement(WebTable.java:116)
	at com.test1.pages.DefaultLandingPage.clickCaseNumbertLink(DefaultLandingPage.java:498)
	at com.test1.tests.RTest.testSuccessfulCaseSummaryInfo(RTest.java:79)
... Removed 27 stack frames]]>
    </failure>
  </testcase> <!-- testSuccessfulCaseSummaryInfo -->
  <testcase name="testSuccessfulCreateNewClaimant" time="92.762" classname="com.test1.tests.RTest"/>
  <testcase name="testSuccessfulCreateNewClaimant" time="95.378" classname="com.test1.tests.RTest"/>
  <testcase name="testSuccessfulCreateNewClaimant" time="90.264" classname="com.test1.tests.RTest"/>
  <testcase name="testSuccessfulCreateNewClaimant" time="99.798" classname="com.test1.tests.RTest"/>
  <testcase name="testSuccessfulCreateNewClaimant" time="94.878" classname="com.test1.tests.RTest"/>
  <testcase name="testSuccessfulCreateNewClaimant" time="101.68" classname="com.test1.tests.RTest"/>
  <testcase name="testSuccessfulCreateNewClaimant" time="96.856" classname="com.test1.tests.RTest"/>
  <testcase name="testSuccessfulCreateNewClaimant" time="0.0" classname="com.test1.tests.RTest">
    <skipped/>
  </testcase> <!-- testSuccessfulCreateNewClaimant -->
  <testcase name="testSuccessfulLumpsumPayAddLC" time="0.0" classname="com.test1.tests.RTest">
    <skipped/>
  </testcase> <!-- testSuccessfulLumpsumPayAddLC -->
  <testcase name="testSuccessfulLumpsumPayAddLC" time="0.0" classname="com.test1.tests.RTest">
    <skipped/>
  </testcase> <!-- testSuccessfulLumpsumPayAddLC -->
  <testcase name="testSuccessfulLumpsumPayAddLC" time="0.0" classname="com.test1.tests.RTest">
    <skipped/>
  </testcase> <!-- testSuccessfulLumpsumPayAddLC -->
  <testcase name="testSuccessfulLumpsumPayAddLC" time="0.0" classname="com.test1.tests.RTest">
    <skipped/>
  </testcase> <!-- testSuccessfulLumpsumPayAddLC -->
  <testcase name="testSuccessfulLumpsumPayAddLC" time="0.0" classname="com.test1.tests.RTest">
    <skipped/>
  </testcase> <!-- testSuccessfulLumpsumPayAddLC -->
  <testcase name="testSuccessfulLumpsumPayAddLC" time="0.0" classname="com.test1.tests.RTest">
    <skipped/>
  </testcase> <!-- testSuccessfulLumpsumPayAddLC -->
  <testcase name="testSuccessfulLumpsumPayAddLC" time="0.0" classname="com.test1.tests.RTest">
    <skipped/>
  </testcase> <!-- testSuccessfulLumpsumPayAddLC -->
  <testcase name="testSuccessfulLumpsumPayAddLC" time="0.0" classname="com.test1.tests.RTest">
    <skipped/>
  </testcase> <!-- testSuccessfulLumpsumPayAddLC -->
  <testcase name="testSuccessfulLumpsumPayAddLC" time="0.0" classname="com.test1.tests.RTest">
    <skipped/>
  </testcase> <!-- testSuccessfulLumpsumPayAddLC -->
  <testcase name="testSuccessfulDocAttachment" time="0.0" classname="com.test1.tests.RTest">
    <skipped/>
  </testcase> <!-- testSuccessfulDocAttachment -->
  <testcase name="testSuccessfulDocAttachment" time="0.001" classname="com.test1.tests.RTest">
    <skipped/>
  </testcase> <!-- testSuccessfulDocAttachment -->
  <testcase name="testSuccessfulDocAttachment" time="0.0" classname="com.test1.tests.RTest">
    <skipped/>
  </testcase> <!-- testSuccessfulDocAttachment -->
  <testcase name="testSuccessfulDocAttachment" time="0.0" classname="com.test1.tests.RTest">
    <skipped/>
  </testcase> <!-- testSuccessfulDocAttachment -->
  <testcase name="testSuccessfulDocAttachment" time="0.0" classname="com.test1.tests.RTest">
    <skipped/>
  </testcase> <!-- testSuccessfulDocAttachment -->
  <testcase name="testSuccessfulDocAttachment" time="0.0" classname="com.test1.tests.RTest">
    <skipped/>
  </testcase> <!-- testSuccessfulDocAttachment -->
  <testcase name="testSuccessfulDocAttachment" time="0.0" classname="com.test1.tests.RTest">
    <skipped/>
  </testcase> <!-- testSuccessfulDocAttachment -->
  <testcase name="testSuccessfulDocAttachment" time="0.0" classname="com.test1.tests.RTest">
    <skipped/>
  </testcase> <!-- testSuccessfulDocAttachment -->
  <testcase name="testSuccessfulDocAttachment" time="0.0" classname="com.test1.tests.RTest">
    <skipped/>
  </testcase> <!-- testSuccessfulDocAttachment -->
  <testcase name="testSuccessfulDocAttachment" time="0.0" classname="com.test1.tests.RTest">
    <skipped/>
  </testcase> <!-- testSuccessfulDocAttachment -->
  <testcase name="testSuccessfulDocAttachment" time="0.0" classname="com.test1.tests.RTest">
    <skipped/>
  </testcase> <!-- testSuccessfulDocAttachment -->
  <testcase name="testSuccessfulDocAttachment" time="0.0" classname="com.test1.tests.RTest">
    <skipped/>
  </testcase> <!-- testSuccessfulDocAttachment -->
  <testcase name="testSuccessfulNotesAdd" time="0.0" classname="com.test1.tests.RTest">
    <skipped/>
  </testcase> <!-- testSuccessfulNotesAdd -->
  <testcase name="testSuccessfulNotesAdd" time="0.0" classname="com.test1.tests.RTest">
    <skipped/>
  </testcase> <!-- testSuccessfulNotesAdd -->
  <testcase name="testSuccessfulNotesAdd" time="0.0" classname="com.test1.tests.RTest">
    <skipped/>
  </testcase> <!-- testSuccessfulNotesAdd -->
  <testcase name="testSuccessfulNotesAdd" time="0.0" classname="com.test1.tests.RTest">
    <skipped/>
  </testcase> <!-- testSuccessfulNotesAdd -->
  <testcase name="testSuccessfulNotesAdd" time="0.0" classname="com.test1.tests.RTest">
    <skipped/>
  </testcase> <!-- testSuccessfulNotesAdd -->
  <testcase name="testSuccessfulNotesAdd" time="0.0" classname="com.test1.tests.RTest">
    <skipped/>
  </testcase> <!-- testSuccessfulNotesAdd -->
  <testcase name="testSuccessfulPurchaseLumpsumPayAdd" time="0.001" classname="com.test1.tests.RTest">
    <skipped/>
  </testcase> <!-- testSuccessfulPurchaseLumpsumPayAdd -->
  <testcase name="testSuccessfulPurchaseLumpsumPayAdd" time="0.0" classname="com.test1.tests.RTest">
    <skipped/>
  </testcase> <!-- testSuccessfulPurchaseLumpsumPayAdd -->
  <testcase name="testSuccessfulPurchaseLumpsumPayAdd" time="0.0" classname="com.test1.tests.RTest">
    <skipped/>
  </testcase> <!-- testSuccessfulPurchaseLumpsumPayAdd -->
  <testcase name="testSuccessfulPurchaseLumpsumPayAdd" time="0.0" classname="com.test1.tests.RTest">
    <skipped/>
  </testcase> <!-- testSuccessfulPurchaseLumpsumPayAdd -->
  <testcase name="testSuccessfulPurchaseLumpsumPayAdd" time="0.0" classname="com.test1.tests.RTest">
    <skipped/>
  </testcase> <!-- testSuccessfulPurchaseLumpsumPayAdd -->
  <testcase name="testSuccessfulMonthlyPurchasePeriodicPayAdd" time="0.0" classname="com.test1.tests.RTest">
    <skipped/>
  </testcase> <!-- testSuccessfulMonthlyPurchasePeriodicPayAdd -->
  <testcase name="testSuccessfulMonthlyPurchasePeriodicPayAdd" time="0.0" classname="com.test1.tests.RTest">
    <skipped/>
  </testcase> <!-- testSuccessfulMonthlyPurchasePeriodicPayAdd -->
</testsuite> <!-- Ant test -->
